<link rel="stylesheet" type="text/css" href="Connections/Shear/cleatAngle/log.css"/>

    <div  class="LOG INFO">
        <span class="DATE">Tue, 23 Aug 2016 11:15:53</span>
        <span class="LEVEL">INFO</span>
        <span class="MSG">: Overall cleat Angle connection design is safe 
</span>
    </div>

    <div  class="LOG DEBUG">
        <span class="DATE">Tue, 23 Aug 2016 11:15:53</span>
        <span class="LEVEL">DEBUG</span>
        <span class="MSG"> :=========End Of design===========</span>
    </div>

    <div  class="LOG INFO">
        <span class="DATE">Tue, 23 Aug 2016 11:15:53</span>
        <span class="LEVEL">INFO</span>
        <span class="MSG">: Overall cleat Angle connection design is safe 
</span>
    </div>

    <div  class="LOG DEBUG">
        <span class="DATE">Tue, 23 Aug 2016 11:15:53</span>
        <span class="LEVEL">DEBUG</span>
        <span class="MSG"> :=========End Of design===========</span>
    </div>

    <div  class="LOG INFO">
        <span class="DATE">Tue, 23 Aug 2016 11:16:01</span>
        <span class="LEVEL">INFO</span>
        <span class="MSG">: Overall cleat Angle connection design is safe 
</span>
    </div>

    <div  class="LOG DEBUG">
        <span class="DATE">Tue, 23 Aug 2016 11:16:01</span>
        <span class="LEVEL">DEBUG</span>
        <span class="MSG"> :=========End Of design===========</span>
    </div>

    <div  class="LOG INFO">
        <span class="DATE">Tue, 23 Aug 2016 11:16:02</span>
        <span class="LEVEL">INFO</span>
        <span class="MSG">: Overall cleat Angle connection design is safe 
</span>
    </div>

    <div  class="LOG DEBUG">
        <span class="DATE">Tue, 23 Aug 2016 11:16:02</span>
        <span class="LEVEL">DEBUG</span>
        <span class="MSG"> :=========End Of design===========</span>
    </div>

    <div  class="LOG INFO">
        <span class="DATE">Tue, 23 Aug 2016 11:16:48</span>
        <span class="LEVEL">INFO</span>
        <span class="MSG">: Overall cleat Angle connection design is safe 
</span>
    </div>

    <div  class="LOG DEBUG">
        <span class="DATE">Tue, 23 Aug 2016 11:16:48</span>
        <span class="LEVEL">DEBUG</span>
        <span class="MSG"> :=========End Of design===========</span>
    </div>

    <div  class="LOG INFO">
        <span class="DATE">Tue, 23 Aug 2016 11:16:54</span>
        <span class="LEVEL">INFO</span>
        <span class="MSG">: Overall cleat Angle connection design is safe 
</span>
    </div>

    <div  class="LOG DEBUG">
        <span class="DATE">Tue, 23 Aug 2016 11:16:54</span>
        <span class="LEVEL">DEBUG</span>
        <span class="MSG"> :=========End Of design===========</span>
    </div>

    <div  class="LOG INFO">
        <span class="DATE">Tue, 23 Aug 2016 11:17:01</span>
        <span class="LEVEL">INFO</span>
        <span class="MSG">: Overall cleat Angle connection design is safe 
</span>
    </div>

    <div  class="LOG DEBUG">
        <span class="DATE">Tue, 23 Aug 2016 11:17:01</span>
        <span class="LEVEL">DEBUG</span>
        <span class="MSG"> :=========End Of design===========</span>
    </div>
